C:\DEZ\WORK\GAMEMAKING\VISUAL STUDIO PROJECTS\ANYTHING\ANYTHING\RELEASE\ANYTHING.EXE.INTERMEDIATE.MANIFEST
C:\DEZ\WORK\GAMEMAKING\VISUAL STUDIO PROJECTS\ANYTHING\ANYTHING\RELEASE\AUDIO.OBJ
C:\Dez\Work\Gamemaking\Visual Studio Projects\Anything\Anything\Release\cl.command.1.tlog
C:\Dez\Work\Gamemaking\Visual Studio Projects\Anything\Anything\Release\CL.read.1.tlog
C:\Dez\Work\Gamemaking\Visual Studio Projects\Anything\Anything\Release\CL.write.1.tlog
C:\DEZ\WORK\GAMEMAKING\VISUAL STUDIO PROJECTS\ANYTHING\ANYTHING\RELEASE\FULLMENU.OBJ
C:\DEZ\WORK\GAMEMAKING\VISUAL STUDIO PROJECTS\ANYTHING\ANYTHING\RELEASE\GAMEDATA.OBJ
C:\DEZ\WORK\GAMEMAKING\VISUAL STUDIO PROJECTS\ANYTHING\ANYTHING\RELEASE\GUI.OBJ
C:\DEZ\WORK\GAMEMAKING\VISUAL STUDIO PROJECTS\ANYTHING\ANYTHING\RELEASE\GUIDATA.OBJ
C:\DEZ\WORK\GAMEMAKING\VISUAL STUDIO PROJECTS\ANYTHING\ANYTHING\RELEASE\IMPROVEMENT.OBJ
C:\DEZ\WORK\GAMEMAKING\VISUAL STUDIO PROJECTS\ANYTHING\ANYTHING\RELEASE\INPUT.OBJ
C:\Dez\Work\Gamemaking\Visual Studio Projects\Anything\Anything\Release\link.command.1.tlog
C:\Dez\Work\Gamemaking\Visual Studio Projects\Anything\Anything\Release\link.read.1.tlog
C:\Dez\Work\Gamemaking\Visual Studio Projects\Anything\Anything\Release\link.write.1.tlog
C:\DEZ\WORK\GAMEMAKING\VISUAL STUDIO PROJECTS\ANYTHING\ANYTHING\RELEASE\MAIN.OBJ
C:\Dez\Work\Gamemaking\Visual Studio Projects\Anything\Anything\Release\mt.command.1.tlog
C:\Dez\Work\Gamemaking\Visual Studio Projects\Anything\Anything\Release\mt.read.1.tlog
C:\Dez\Work\Gamemaking\Visual Studio Projects\Anything\Anything\Release\mt.write.1.tlog
C:\DEZ\WORK\GAMEMAKING\VISUAL STUDIO PROJECTS\ANYTHING\ANYTHING\RELEASE\SETTINGS.OBJ
C:\DEZ\WORK\GAMEMAKING\VISUAL STUDIO PROJECTS\ANYTHING\ANYTHING\RELEASE\TERRAIN.OBJ
C:\DEZ\WORK\GAMEMAKING\VISUAL STUDIO PROJECTS\ANYTHING\ANYTHING\RELEASE\TILE.OBJ
C:\DEZ\WORK\GAMEMAKING\VISUAL STUDIO PROJECTS\ANYTHING\ANYTHING\RELEASE\UNIT.OBJ
C:\DEZ\WORK\GAMEMAKING\VISUAL STUDIO PROJECTS\ANYTHING\ANYTHING\RELEASE\VC100.PDB
C:\DEZ\WORK\GAMEMAKING\VISUAL STUDIO PROJECTS\ANYTHING\ANYTHING\RELEASE\VISUAL.OBJ
C:\DEZ\WORK\GAMEMAKING\VISUAL STUDIO PROJECTS\ANYTHING\ANYTHING\RELEASE\WORLD.OBJ
C:\DEZ\WORK\GAMEMAKING\VISUAL STUDIO PROJECTS\ANYTHING\ANYTHING\RELEASE\WORLDGRAPHICS.OBJ
C:\DEZ\WORK\GAMEMAKING\VISUAL STUDIO PROJECTS\ANYTHING\RELEASE\ANYTHING.EXE
C:\DEZ\WORK\GAMEMAKING\VISUAL STUDIO PROJECTS\ANYTHING\RELEASE\ANYTHING.PDB
