C:\DEZ\WORK\GAMEMAKING\VISUAL STUDIO PROJECTS\ANYTHING\ANYTHING\DEBUG\ANYTHING.EXE.EMBED.MANIFEST
C:\DEZ\WORK\GAMEMAKING\VISUAL STUDIO PROJECTS\ANYTHING\ANYTHING\DEBUG\ANYTHING.EXE.EMBED.MANIFEST.RES
C:\DEZ\WORK\GAMEMAKING\VISUAL STUDIO PROJECTS\ANYTHING\ANYTHING\DEBUG\ANYTHING.EXE.INTERMEDIATE.MANIFEST
C:\Dez\Work\Gamemaking\Visual Studio Projects\Anything\Anything\Debug\Anything_manifest.rc
C:\DEZ\WORK\GAMEMAKING\VISUAL STUDIO PROJECTS\ANYTHING\ANYTHING\DEBUG\AUDIO.OBJ
C:\Dez\Work\Gamemaking\Visual Studio Projects\Anything\Anything\Debug\cl.command.1.tlog
C:\Dez\Work\Gamemaking\Visual Studio Projects\Anything\Anything\Debug\CL.read.1.tlog
C:\Dez\Work\Gamemaking\Visual Studio Projects\Anything\Anything\Debug\CL.write.1.tlog
C:\DEZ\WORK\GAMEMAKING\VISUAL STUDIO PROJECTS\ANYTHING\ANYTHING\DEBUG\FULLMENU.OBJ
C:\DEZ\WORK\GAMEMAKING\VISUAL STUDIO PROJECTS\ANYTHING\ANYTHING\DEBUG\GAMEDATA.OBJ
C:\DEZ\WORK\GAMEMAKING\VISUAL STUDIO PROJECTS\ANYTHING\ANYTHING\DEBUG\GUI.OBJ
C:\DEZ\WORK\GAMEMAKING\VISUAL STUDIO PROJECTS\ANYTHING\ANYTHING\DEBUG\GUIDATA.OBJ
C:\DEZ\WORK\GAMEMAKING\VISUAL STUDIO PROJECTS\ANYTHING\ANYTHING\DEBUG\IMPROVEMENT.OBJ
C:\DEZ\WORK\GAMEMAKING\VISUAL STUDIO PROJECTS\ANYTHING\ANYTHING\DEBUG\INPUT.OBJ
C:\Dez\Work\Gamemaking\Visual Studio Projects\Anything\Anything\Debug\link.6556.read.1.tlog
C:\Dez\Work\Gamemaking\Visual Studio Projects\Anything\Anything\Debug\link.6556.write.1.tlog
C:\Dez\Work\Gamemaking\Visual Studio Projects\Anything\Anything\Debug\link.6556-cvtres.read.1.tlog
C:\Dez\Work\Gamemaking\Visual Studio Projects\Anything\Anything\Debug\link.6556-cvtres.write.1.tlog
C:\Dez\Work\Gamemaking\Visual Studio Projects\Anything\Anything\Debug\link.command.1.tlog
C:\Dez\Work\Gamemaking\Visual Studio Projects\Anything\Anything\Debug\link.read.1.tlog
C:\Dez\Work\Gamemaking\Visual Studio Projects\Anything\Anything\Debug\link.write.1.tlog
C:\Dez\Work\Gamemaking\Visual Studio Projects\Anything\Anything\Debug\link-cvtres.read.1.tlog
C:\Dez\Work\Gamemaking\Visual Studio Projects\Anything\Anything\Debug\link-cvtres.write.1.tlog
C:\DEZ\WORK\GAMEMAKING\VISUAL STUDIO PROJECTS\ANYTHING\ANYTHING\DEBUG\MAIN.OBJ
C:\Dez\Work\Gamemaking\Visual Studio Projects\Anything\Anything\Debug\mt.command.1.tlog
C:\Dez\Work\Gamemaking\Visual Studio Projects\Anything\Anything\Debug\mt.read.1.tlog
C:\Dez\Work\Gamemaking\Visual Studio Projects\Anything\Anything\Debug\mt.write.1.tlog
C:\Dez\Work\Gamemaking\Visual Studio Projects\Anything\Anything\Debug\rc.command.1.tlog
C:\Dez\Work\Gamemaking\Visual Studio Projects\Anything\Anything\Debug\rc.read.1.tlog
C:\Dez\Work\Gamemaking\Visual Studio Projects\Anything\Anything\Debug\rc.write.1.tlog
C:\DEZ\WORK\GAMEMAKING\VISUAL STUDIO PROJECTS\ANYTHING\ANYTHING\DEBUG\SETTINGS.OBJ
C:\DEZ\WORK\GAMEMAKING\VISUAL STUDIO PROJECTS\ANYTHING\ANYTHING\DEBUG\TERRAIN.OBJ
C:\DEZ\WORK\GAMEMAKING\VISUAL STUDIO PROJECTS\ANYTHING\ANYTHING\DEBUG\TILE.OBJ
C:\DEZ\WORK\GAMEMAKING\VISUAL STUDIO PROJECTS\ANYTHING\ANYTHING\DEBUG\UNIT.OBJ
C:\Dez\Work\Gamemaking\Visual Studio Projects\Anything\Anything\Debug\vc100.idb
C:\DEZ\WORK\GAMEMAKING\VISUAL STUDIO PROJECTS\ANYTHING\ANYTHING\DEBUG\VC100.PDB
C:\DEZ\WORK\GAMEMAKING\VISUAL STUDIO PROJECTS\ANYTHING\ANYTHING\DEBUG\VISUAL.OBJ
C:\DEZ\WORK\GAMEMAKING\VISUAL STUDIO PROJECTS\ANYTHING\ANYTHING\DEBUG\WORLD.OBJ
C:\DEZ\WORK\GAMEMAKING\VISUAL STUDIO PROJECTS\ANYTHING\ANYTHING\DEBUG\WORLDGRAPHICS.OBJ
C:\DEZ\WORK\GAMEMAKING\VISUAL STUDIO PROJECTS\ANYTHING\DEBUG\ANYTHING.EXE
C:\DEZ\WORK\GAMEMAKING\VISUAL STUDIO PROJECTS\ANYTHING\DEBUG\ANYTHING.ILK
C:\DEZ\WORK\GAMEMAKING\VISUAL STUDIO PROJECTS\ANYTHING\DEBUG\ANYTHING.PDB
