Build started 10/14/2010 11:57:44 PM.
     1>Project "C:\Dez\Work\Gamemaking\Visual Studio Projects\Anything\Anything\Anything.vcxproj" on node 2 (build target(s)).
     1>InitializeBuildStatus:
         Creating "Debug\Anything.unsuccessfulbuild" because "AlwaysCreate" was specified.
       ClCompile:
         C:\Program Files (x86)\Microsoft Visual Studio 10.0\VC\bin\CL.exe /c /ZI /nologo /W3 /WX- /Od /Oy- /D WIN32 /D _DEBUG /D _CONSOLE /D _UNICODE /D UNICODE /Gm /EHsc /RTC1 /MDd /GS /fp:precise /Zc:wchar_t /Zc:forScope /Fo"Debug\\" /Fd"Debug\vc100.pdb" /Gd /TP /analyze- /errorReport:prompt Input.cpp Visual.cpp
         Visual.cpp
         Input.cpp
     1>c:\dez\work\gamemaking\visual studio projects\anything\anything\input.cpp(50): warning C4018: '<' : signed/unsigned mismatch
     1>c:\dez\work\gamemaking\visual studio projects\anything\anything\input.cpp(51): warning C4018: '<' : signed/unsigned mismatch
     1>c:\dez\work\gamemaking\visual studio projects\anything\anything\input.cpp(76): warning C4018: '<' : signed/unsigned mismatch
     1>c:\dez\work\gamemaking\visual studio projects\anything\anything\input.cpp(77): warning C4018: '<' : signed/unsigned mismatch
     1>c:\dez\work\gamemaking\visual studio projects\anything\anything\input.cpp(88): warning C4018: '<' : signed/unsigned mismatch
     1>c:\dez\work\gamemaking\visual studio projects\anything\anything\input.cpp(89): warning C4018: '<' : signed/unsigned mismatch
         Generating Code...
       ManifestResourceCompile:
         All outputs are up-to-date.
       Link:
         C:\Program Files (x86)\Microsoft Visual Studio 10.0\VC\bin\link.exe /ERRORREPORT:PROMPT /OUT:"C:\Dez\Work\Gamemaking\Visual Studio Projects\Anything\Debug\Anything.exe" /INCREMENTAL /NOLOGO "sfml-system-s-d.lib" "sfml-window-s-d.lib" "sfml-graphics-s-d.lib" opengl32.lib glu32.lib kernel32.lib user32.lib gdi32.lib winspool.lib comdlg32.lib advapi32.lib shell32.lib ole32.lib oleaut32.lib uuid.lib odbc32.lib odbccp32.lib /MANIFEST /ManifestFile:"Debug\Anything.exe.intermediate.manifest" /MANIFESTUAC:"level='asInvoker' uiAccess='false'" /DEBUG /PDB:"C:\Dez\Work\Gamemaking\Visual Studio Projects\Anything\Debug\Anything.pdb" /SUBSYSTEM:CONSOLE /TLBID:1 /DYNAMICBASE /NXCOMPAT /IMPLIB:"C:\Dez\Work\Gamemaking\Visual Studio Projects\Anything\Debug\Anything.lib" /MACHINE:X86 Debug\Anything.exe.embed.manifest.res
         Debug\Audio.obj
         Debug\FullMenu.obj
         Debug\GameData.obj
         Debug\GUI.obj
         Debug\GUIData.obj
         Debug\Improvement.obj
         Debug\Input.obj
         Debug\Main.obj
         Debug\Settings.obj
         Debug\Terrain.obj
         Debug\Tile.obj
         Debug\Unit.obj
         Debug\Visual.obj
         Debug\World.obj
         Debug\WorldGraphics.obj
       Manifest:
         C:\Program Files (x86)\Microsoft SDKs\Windows\v7.0A\bin\mt.exe /nologo /verbose /out:"Debug\Anything.exe.embed.manifest" /manifest Debug\Anything.exe.intermediate.manifest
         All outputs are up-to-date.
       LinkEmbedManifest:
         All outputs are up-to-date.
         Anything.vcxproj -> C:\Dez\Work\Gamemaking\Visual Studio Projects\Anything\Debug\Anything.exe
       FinalizeBuildStatus:
         Deleting file "Debug\Anything.unsuccessfulbuild".
         Touching "Debug\Anything.lastbuildstate".
     1>Done Building Project "C:\Dez\Work\Gamemaking\Visual Studio Projects\Anything\Anything\Anything.vcxproj" (build target(s)).

Build succeeded.

Time Elapsed 00:00:03.53
